#
# There is insufficient memory for the Java Runtime Environment to continue.
# Native memory allocation (mmap) failed to map 260046848 bytes. Error detail: G1 virtual space
# Possible reasons:
#   The system is out of physical RAM or swap space
#   This process is running with CompressedOops enabled, and the Java Heap may be blocking the growth of the native heap
# Possible solutions:
#   Reduce memory load on the system
#   Increase physical memory or swap space
#   Check if swap backing store is full
#   Decrease Java heap size (-Xmx/-Xms)
#   Decrease number of Java threads
#   Decrease Java thread stack sizes (-Xss)
#   Set larger code cache with -XX:ReservedCodeCacheSize=
#   JVM is running with Zero Based Compressed Oops mode in which the Java heap is
#     placed in the first 32GB address space. The Java Heap base address is the
#     maximum limit for the native heap growth. Please use -XX:HeapBaseMinAddress
#     to set the Java Heap base and to place the Java Heap above 32GB virtual address.
# This output file may be truncated or incomplete.
#
#  Out of Memory Error (os_windows.cpp:3830), pid=3796, tid=33012
#
# JRE version:  (17.0.14+1) (build )
# Java VM: OpenJDK 64-Bit Server VM (17.0.14+1-b1367.22, mixed mode, sharing, tiered, compressed oops, compressed class ptrs, g1 gc, windows-amd64)
# No core dump will be written. Minidumps are not enabled by default on client versions of Windows
#

---------------  S U M M A R Y ------------

Command Line: --module-path=C:\Users\Boudour\.m2\repository\org\openjfx\javafx-base\20.0.2\javafx-base-20.0.2-win.jar;C:\Users\Boudour\.m2\repository\org\openjfx\javafx-base\20.0.2\javafx-base-20.0.2.jar;C:\Users\Boudour\.m2\repository\org\openjfx\javafx-controls\20.0.2\javafx-controls-20.0.2-win.jar;C:\Users\Boudour\.m2\repository\org\openjfx\javafx-controls\20.0.2\javafx-controls-20.0.2.jar;C:\Users\Boudour\.m2\repository\org\openjfx\javafx-fxml\20.0.2\javafx-fxml-20.0.2-win.jar;C:\Users\Boudour\.m2\repository\org\openjfx\javafx-fxml\20.0.2\javafx-fxml-20.0.2.jar;C:\Users\Boudour\.m2\repository\org\openjfx\javafx-graphics\20.0.2\javafx-graphics-20.0.2-win.jar;C:\Users\Boudour\.m2\repository\org\openjfx\javafx-graphics\20.0.2\javafx-graphics-20.0.2.jar --add-modules=javafx.base,javafx.controls,javafx.fxml,javafx.graphics edu.RhPro.controllers.Home

Host: AMD Ryzen 7 5800H with Radeon Graphics         , 16 cores, 15G,  Windows 11 , 64 bit Build 26100 (10.0.26100.7623)
Time: Mon Feb 16 14:52:51 2026 Pacific Standard Time elapsed time: 0.033528 seconds (0d 0h 0m 0s)

---------------  T H R E A D  ---------------

Current thread (0x0000018fd60180b0):  JavaThread "Unknown thread" [_thread_in_vm, id=33012, stack(0x0000007b08600000,0x0000007b08700000)]

Stack: [0x0000007b08600000,0x0000007b08700000]
Native frames: (J=compiled Java code, j=interpreted, Vv=VM code, C=native code)
V  [jvm.dll+0x68b969]  os::platform_print_native_stack+0xd9  (os_windows_x86.cpp:235)
V  [jvm.dll+0x84572a]  VMError::report+0xc6a  (vmError.cpp:868)
V  [jvm.dll+0x8473ae]  VMError::report_and_die+0x78e  (vmError.cpp:1766)
V  [jvm.dll+0x847a13]  VMError::report_and_die+0x43  (vmError.cpp:1552)
V  [jvm.dll+0x24a83f]  report_vm_out_of_memory+0x8f  (debug.cpp:321)
V  [jvm.dll+0x688629]  os::pd_commit_memory_or_exit+0xc9  (os_windows.cpp:3838)
V  [jvm.dll+0x67cf3a]  os::commit_memory_or_exit+0x2a  (os.cpp:1768)
V  [jvm.dll+0x30b83b]  G1PageBasedVirtualSpace::commit+0x19b  (g1PageBasedVirtualSpace.cpp:204)
V  [jvm.dll+0x312d26]  G1RegionsLargerThanCommitSizeMapper::commit_regions+0x96  (g1RegionToSpaceMapper.cpp:100)
V  [jvm.dll+0x3630fe]  HeapRegionManager::expand_any+0xee  (heapRegionManager.cpp:363)
V  [jvm.dll+0x36333f]  HeapRegionManager::expand_by+0x7f  (heapRegionManager.cpp:380)
V  [jvm.dll+0x2e18cc]  G1CollectedHeap::expand+0xbc  (g1CollectedHeap.cpp:1292)
V  [jvm.dll+0x2e2824]  G1CollectedHeap::initialize+0x664  (g1CollectedHeap.cpp:1713)
V  [jvm.dll+0x815ffb]  universe_init+0xbb  (universe.cpp:737)
V  [jvm.dll+0x370e88]  init_globals+0x48  (init.cpp:131)
V  [jvm.dll+0x7f4875]  Threads::create_vm+0x5e5  (thread.cpp:2909)
V  [jvm.dll+0x3f54ef]  JNI_CreateJavaVM_inner+0x8f  (jni.cpp:3654)
V  [jvm.dll+0x3f70c1]  JNI_CreateJavaVM+0x11  (jni.cpp:3746)
C  [jli.dll+0x52ab]  JavaMain+0x113  (java.c:413)
C  [ucrtbase.dll+0x37b0]
C  [KERNEL32.DLL+0x2e8d7]
C  [ntdll.dll+0x8c53c]


---------------  P R O C E S S  ---------------

Threads class SMR info:
_java_thread_list=0x00007fff72da9018, length=0, elements={
}

Java Threads: ( => current thread )

Other Threads:
  0x0000018fd6086e50 GCTaskThread "GC Thread#0" [stack: 0x0000007b08700000,0x0000007b08800000] [id=8684]
  0x0000018fd6097ff0 ConcurrentGCThread "G1 Main Marker" [stack: 0x0000007b08800000,0x0000007b08900000] [id=28000]
  0x0000018fd60990b0 ConcurrentGCThread "G1 Conc#0" [stack: 0x0000007b08900000,0x0000007b08a00000] [id=25248]

[error occurred during error reporting (printing all threads), id 0xc0000005, EXCEPTION_ACCESS_VIOLATION (0xc0000005) at pc=0x00007fff72552197]

VM state: not at safepoint (not fully initialized)

VM Mutex/Monitor currently owned by a thread:  ([mutex/lock_event])
[0x0000018fd60149b0] Heap_lock - owner thread: 0x0000018fd60180b0

Heap address: 0x0000000709800000, size: 3944 MB, Compressed Oops mode: Zero based, Oop shift amount: 3

CDS archive(s) mapped at: [0x0000000000000000-0x0000000000000000-0x0000000000000000), size 0, SharedBaseAddress: 0x0000000800000000, ArchiveRelocationMode: 1.
Narrow klass base: 0x0000000000000000, Narrow klass shift: 0, Narrow klass range: 0x0

GC Precious Log:
<Empty>

Heap:
 garbage-first heap   total 0K, used 0K [0x0000000709800000, 0x0000000800000000)
  region size 2048K, 0 young (0K), 0 survivors (0K)
 Metaspace       used 0K, committed 0K, reserved 0K
  class space    used 0K, committed 0K, reserved 0K

Heap Regions: E=young(eden), S=young(survivor), O=old, HS=humongous(starts), HC=humongous(continues), CS=collection set, F=free, OA=open archive, CA=closed archive, TAMS=top-at-mark-start (previous, next)

Card table byte_map: [0x0000018feb790000,0x0000018febf50000] _byte_map_base: 0x0000018fe7f44000

Marking Bits (Prev, Next): (CMBitMap*) 0x0000018fd6087370, (CMBitMap*) 0x0000018fd60873b0
 Prev Bits: [0x0000018fec710000, 0x0000018ff04b0000)
 Next Bits: [0x0000018ff04b0000, 0x0000018ff4250000)

GC Heap History (0 events):
No events

Dll operation events (1 events):
Event: 0.016 Loaded shared library C:\Users\Boudour\.jdks\jbr-17.0.14\bin\java.dll

Deoptimization events (0 events):
No events

Classes loaded (0 events):
No events

Classes unloaded (0 events):
No events

Classes redefined (0 events):
No events

Internal exceptions (0 events):
No events

VM Operations (0 events):
No events

Memory protections (0 events):
No events

Nmethod flushes (0 events):
No events

Events (0 events):
No events


Dynamic libraries:
0x00007ff6f3f80000 - 0x00007ff6f3f8a000 	C:\Users\Boudour\.jdks\jbr-17.0.14\bin\java.exe
0x00007ff86c560000 - 0x00007ff86c7c7000 	C:\WINDOWS\SYSTEM32\ntdll.dll
0x00007ff86ba90000 - 0x00007ff86bb59000 	C:\WINDOWS\System32\KERNEL32.DLL
0x00007ff869b50000 - 0x00007ff869f3f000 	C:\WINDOWS\System32\KERNELBASE.dll
0x00007ff8696b0000 - 0x00007ff8697fb000 	C:\WINDOWS\System32\ucrtbase.dll
0x00007ff8560c0000 - 0x00007ff8560d7000 	C:\Users\Boudour\.jdks\jbr-17.0.14\bin\jli.dll
0x00007ff8560a0000 - 0x00007ff8560bb000 	C:\Users\Boudour\.jdks\jbr-17.0.14\bin\VCRUNTIME140.dll
0x00007ff86a4c0000 - 0x00007ff86a685000 	C:\WINDOWS\System32\USER32.dll
0x00007ff858300000 - 0x00007ff858593000 	C:\WINDOWS\WinSxS\amd64_microsoft.windows.common-controls_6595b64144ccf1df_6.0.26100.7309_none_3e05feeae336a044\COMCTL32.dll
0x00007ff869f50000 - 0x00007ff869f77000 	C:\WINDOWS\System32\win32u.dll
0x00007ff86b9c0000 - 0x00007ff86ba69000 	C:\WINDOWS\System32\msvcrt.dll
0x00007ff86b040000 - 0x00007ff86b06b000 	C:\WINDOWS\System32\GDI32.dll
0x00007ff869800000 - 0x00007ff86992c000 	C:\WINDOWS\System32\gdi32full.dll
0x00007ff86a250000 - 0x00007ff86a2f3000 	C:\WINDOWS\System32\msvcp_win.dll
0x00007ff86c240000 - 0x00007ff86c271000 	C:\WINDOWS\System32\IMM32.DLL
0x00007ff864200000 - 0x00007ff86420c000 	C:\Users\Boudour\.jdks\jbr-17.0.14\bin\vcruntime140_1.dll
0x00007ff817640000 - 0x00007ff8176cd000 	C:\Users\Boudour\.jdks\jbr-17.0.14\bin\msvcp140.dll
0x00007fff72260000 - 0x00007fff72eee000 	C:\Users\Boudour\.jdks\jbr-17.0.14\bin\server\jvm.dll
0x00007ff86c280000 - 0x00007ff86c334000 	C:\WINDOWS\System32\ADVAPI32.dll
0x00007ff86bb60000 - 0x00007ff86bc06000 	C:\WINDOWS\System32\sechost.dll
0x00007ff86b8a0000 - 0x00007ff86b9b8000 	C:\WINDOWS\System32\RPCRT4.dll
0x00007ff86afc0000 - 0x00007ff86b034000 	C:\WINDOWS\System32\WS2_32.dll
0x00007ff869510000 - 0x00007ff86956e000 	C:\WINDOWS\SYSTEM32\POWRPROF.dll
0x00007ff863050000 - 0x00007ff86305b000 	C:\WINDOWS\SYSTEM32\VERSION.dll
0x00007ff863010000 - 0x00007ff863045000 	C:\WINDOWS\SYSTEM32\WINMM.dll
0x00007ff8694f0000 - 0x00007ff869504000 	C:\WINDOWS\SYSTEM32\UMPDC.dll
0x00007ff868460000 - 0x00007ff86847b000 	C:\WINDOWS\SYSTEM32\kernel.appcore.dll
0x00007ff85ab90000 - 0x00007ff85ab9a000 	C:\Users\Boudour\.jdks\jbr-17.0.14\bin\jimage.dll
0x00007ff866d60000 - 0x00007ff866fa2000 	C:\WINDOWS\SYSTEM32\DBGHELP.DLL
0x00007ff86bca0000 - 0x00007ff86c026000 	C:\WINDOWS\System32\combase.dll
0x00007ff86b5e0000 - 0x00007ff86b6b6000 	C:\WINDOWS\System32\OLEAUT32.dll
0x00007ff84d9a0000 - 0x00007ff84d9dc000 	C:\WINDOWS\SYSTEM32\dbgcore.DLL
0x00007ff869aa0000 - 0x00007ff869b45000 	C:\WINDOWS\System32\bcryptPrimitives.dll
0x00007ff8541c0000 - 0x00007ff8541e5000 	C:\Users\Boudour\.jdks\jbr-17.0.14\bin\java.dll

dbghelp: loaded successfully - version: 4.0.5 - missing functions: none
symbol engine: initialized successfully - sym options: 0x614 - pdb path: .;C:\Users\Boudour\.jdks\jbr-17.0.14\bin;C:\WINDOWS\SYSTEM32;C:\WINDOWS\WinSxS\amd64_microsoft.windows.common-controls_6595b64144ccf1df_6.0.26100.7309_none_3e05feeae336a044;C:\Users\Boudour\.jdks\jbr-17.0.14\bin\server

VM Arguments:
jvm_args: --module-path=C:\Users\Boudour\.m2\repository\org\openjfx\javafx-base\20.0.2\javafx-base-20.0.2-win.jar;C:\Users\Boudour\.m2\repository\org\openjfx\javafx-base\20.0.2\javafx-base-20.0.2.jar;C:\Users\Boudour\.m2\repository\org\openjfx\javafx-controls\20.0.2\javafx-controls-20.0.2-win.jar;C:\Users\Boudour\.m2\repository\org\openjfx\javafx-controls\20.0.2\javafx-controls-20.0.2.jar;C:\Users\Boudour\.m2\repository\org\openjfx\javafx-fxml\20.0.2\javafx-fxml-20.0.2-win.jar;C:\Users\Boudour\.m2\repository\org\openjfx\javafx-fxml\20.0.2\javafx-fxml-20.0.2.jar;C:\Users\Boudour\.m2\repository\org\openjfx\javafx-graphics\20.0.2\javafx-graphics-20.0.2-win.jar;C:\Users\Boudour\.m2\repository\org\openjfx\javafx-graphics\20.0.2\javafx-graphics-20.0.2.jar --add-modules=javafx.base,javafx.controls,javafx.fxml,javafx.graphics 
java_command: edu.RhPro.controllers.Home
java_class_path (initial): C:\Users\Boudour\Desktop\USER\target\classes;C:\Users\Boudour\.m2\repository\com\google\protobuf\protobuf-java\3.11.4\protobuf-java-3.11.4.jar;C:\Users\Boudour\.m2\repository\mysql\mysql-connector-java\8.0.26\mysql-connector-java-8.0.26.jar
Launcher Type: SUN_STANDARD

[Global flags]
     intx CICompilerCount                          = 12                                        {product} {ergonomic}
     uint ConcGCThreads                            = 3                                         {product} {ergonomic}
     uint G1ConcRefinementThreads                  = 13                                        {product} {ergonomic}
   size_t G1HeapRegionSize                         = 2097152                                   {product} {ergonomic}
    uintx GCDrainStackTargetSize                   = 64                                        {product} {ergonomic}
   size_t InitialHeapSize                          = 260046848                                 {product} {ergonomic}
   size_t MarkStackSize                            = 4194304                                   {product} {ergonomic}
   size_t MaxHeapSize                              = 4135583744                                {product} {ergonomic}
   size_t MinHeapDeltaBytes                        = 2097152                                   {product} {ergonomic}
   size_t MinHeapSize                              = 8388608                                   {product} {ergonomic}
    uintx NonNMethodCodeHeapSize                   = 7602480                                {pd product} {ergonomic}
    uintx NonProfiledCodeHeapSize                  = 122027880                              {pd product} {ergonomic}
    uintx ProfiledCodeHeapSize                     = 122027880                              {pd product} {ergonomic}
    uintx ReservedCodeCacheSize                    = 251658240                              {pd product} {ergonomic}
     bool SegmentedCodeCache                       = true                                      {product} {ergonomic}
   size_t SoftMaxHeapSize                          = 4135583744                             {manageable} {ergonomic}
     bool UseCompressedClassPointers               = true                           {product lp64_product} {ergonomic}
     bool UseCompressedOops                        = true                           {product lp64_product} {ergonomic}
     bool UseG1GC                                  = true                                      {product} {ergonomic}
     bool UseLargePagesIndividualAllocation        = false                                  {pd product} {ergonomic}

Logging:
Log output configuration:
 #0: stdout all=warning uptime,level,tags
 #1: stderr all=off uptime,level,tags

Environment Variables:
JAVA_HOME=C:\Users\Boudour\.jdks\jbr-17.0.14
PATH=C:\Program Files (x86)\VMware\VMware Workstation\bin\;C:\Program Files\Java\jdk-17\bin;C:\Program Files\Common Files\Oracle\Java\javapath;C:\oraclexe\app\oracle\product\11.2.0\server\bin;C:\WINDOWS\system32;C:\WINDOWS;C:\WINDOWS\System32\Wbem;C:\WINDOWS\System32\WindowsPowerShell\v1.0\;C:\WINDOWS\System32\OpenSSH\;C;C:\instantClient;C:\oraclexe\app\oracle\admin\XE;C:\oraclexe;C:\Program Files\Git\cmd;C:\xampp\php;C:\composer;C:\Users\Boudour\scoop\shims;C:\Users\Boudour\AppData\Local\Microsoft\WindowsApps;C:\Users\Boudour\AppData\Local\Programs\Microsoft VS Code\bin;C:\Users\Boudour\Desktop\cursor\resources\app\bin;C:\Users\Boudour\AppData\Roaming\Composer\vendor\bin;C:\Users\Boudour\AppData\Local\ComposerSetup\bin
USERNAME=Boudour
OS=Windows_NT
PROCESSOR_IDENTIFIER=AMD64 Family 25 Model 80 Stepping 0, AuthenticAMD
TMP=C:\Users\Boudour\AppData\Local\Temp
TEMP=C:\Users\Boudour\AppData\Local\Temp



Periodic native trim disabled

JNI global refs:
JNI global refs: 0, weak refs: 0

JNI global refs memory usage: 0, weak refs: 0

Process memory usage:
Resident Set Size: 51904K (0% of 16153336K total physical memory with 2899336K free physical memory)

OOME stack traces (most recent first):
Classloader memory used:


---------------  S Y S T E M  ---------------

OS:
 Windows 11 , 64 bit Build 26100 (10.0.26100.7623)
OS uptime: 12 days 1:48 hours

CPU: total 16 (initial active 16) (16 cores per cpu, 2 threads per core) family 25 model 80 stepping 0 microcode 0xa50000c, cx8, cmov, fxsr, ht, mmx, 3dnowpref, sse, sse2, sse3, ssse3, sse4a, sse4.1, sse4.2, popcnt, lzcnt, tsc, tscinvbit, avx, avx2, aes, erms, clmul, bmi1, bmi2, adx, sha, fma, vzeroupper, clflush, clflushopt
Processor Information for processor 0
  Max Mhz: 3201, Current Mhz: 1882, Mhz Limit: 3201
Processor Information for processor 1
  Max Mhz: 3201, Current Mhz: 1882, Mhz Limit: 3201
Processor Information for processor 2
  Max Mhz: 3201, Current Mhz: 1802, Mhz Limit: 3201
Processor Information for processor 3
  Max Mhz: 3201, Current Mhz: 1882, Mhz Limit: 3201
Processor Information for processor 4
  Max Mhz: 3201, Current Mhz: 1802, Mhz Limit: 3201
Processor Information for processor 5
  Max Mhz: 3201, Current Mhz: 1802, Mhz Limit: 3201
Processor Information for processor 6
  Max Mhz: 3201, Current Mhz: 1882, Mhz Limit: 3201
Processor Information for processor 7
  Max Mhz: 3201, Current Mhz: 1802, Mhz Limit: 3201
Processor Information for processor 8
  Max Mhz: 3201, Current Mhz: 1882, Mhz Limit: 3201
Processor Information for processor 9
  Max Mhz: 3201, Current Mhz: 1802, Mhz Limit: 3201
Processor Information for processor 10
  Max Mhz: 3201, Current Mhz: 1802, Mhz Limit: 3201
Processor Information for processor 11
  Max Mhz: 3201, Current Mhz: 1802, Mhz Limit: 3201
Processor Information for processor 12
  Max Mhz: 3201, Current Mhz: 1882, Mhz Limit: 3201
Processor Information for processor 13
  Max Mhz: 3201, Current Mhz: 1802, Mhz Limit: 3201
Processor Information for processor 14
  Max Mhz: 3201, Current Mhz: 1882, Mhz Limit: 3201
Processor Information for processor 15
  Max Mhz: 3201, Current Mhz: 1802, Mhz Limit: 3201

Memory: 4k page, system-wide physical 15774M (2831M free)
TotalPageFile size 27777M (AvailPageFile size 281M)
current process WorkingSet (physical memory assigned to process): 50M, peak: 50M
current process commit charge ("private bytes"): 108M, peak: 318M

vm_info: OpenJDK 64-Bit Server VM (17.0.14+1-b1367.22) for windows-amd64 JRE (17.0.14+1-b1367.22), built on 2025-01-30 by "builduser" with MS VC++ 16.10 / 16.11 (VS2019)

END.
