#
# There is insufficient memory for the Java Runtime Environment to continue.
# Native memory allocation (malloc) failed to allocate 1669024 bytes. Error detail: Chunk::new
# Possible reasons:
#   The system is out of physical RAM or swap space
#   This process is running with CompressedOops enabled, and the Java Heap may be blocking the growth of the native heap
# Possible solutions:
#   Reduce memory load on the system
#   Increase physical memory or swap space
#   Check if swap backing store is full
#   Decrease Java heap size (-Xmx/-Xms)
#   Decrease number of Java threads
#   Decrease Java thread stack sizes (-Xss)
#   Set larger code cache with -XX:ReservedCodeCacheSize=
#   JVM is running with Zero Based Compressed Oops mode in which the Java heap is
#     placed in the first 32GB address space. The Java Heap base address is the
#     maximum limit for the native heap growth. Please use -XX:HeapBaseMinAddress
#     to set the Java Heap base and to place the Java Heap above 32GB virtual address.
# This output file may be truncated or incomplete.
#
#  Out of Memory Error (arena.cpp:191), pid=35828, tid=11832
#
# JRE version: OpenJDK Runtime Environment JBR-17.0.14+1-1367.22-nomod (17.0.14+1) (build 17.0.14+1-b1367.22)
# Java VM: OpenJDK 64-Bit Server VM JBR-17.0.14+1-1367.22-nomod (17.0.14+1-b1367.22, mixed mode, sharing, tiered, compressed oops, compressed class ptrs, g1 gc, windows-amd64)
# No core dump will be written. Minidumps are not enabled by default on client versions of Windows
#

---------------  S U M M A R Y ------------

Command Line: -Dclassworlds.conf=C:\Program Files\JetBrains\IntelliJ IDEA 2025.2.1\plugins\maven\lib\maven3\bin\m2.conf -Dmaven.home=C:\Program Files\JetBrains\IntelliJ IDEA 2025.2.1\plugins\maven\lib\maven3 -Dlibrary.jansi.path=C:\Program Files\JetBrains\IntelliJ IDEA 2025.2.1\plugins\maven\lib\maven3\lib\jansi-native -Dmaven.multiModuleProjectDirectory=C:\Users\Boudour\Desktop\USER org.codehaus.plexus.classworlds.launcher.Launcher -Didea.version=2025.2.1 -Dmaven.ext.class.path=C:\Program Files\JetBrains\IntelliJ IDEA 2025.2.1\plugins\maven\lib\maven-event-listener.jar -Djansi.passthrough=true -Dstyle.color=always -Dmaven.repo.local=C:\Users\Boudour\.m2\repository org.openjfx:javafx-maven-plugin:0.0.8:run -f pom.xml

Host: AMD Ryzen 7 5800H with Radeon Graphics         , 16 cores, 15G,  Windows 11 , 64 bit Build 26100 (10.0.26100.7623)
Time: Mon Feb 16 15:33:24 2026 Pacific Standard Time elapsed time: 4.581327 seconds (0d 0h 0m 4s)

---------------  T H R E A D  ---------------

Current thread (0x0000025a01034ed0):  JavaThread "C2 CompilerThread0" daemon [_thread_in_native, id=11832, stack(0x000000aef2500000,0x000000aef2600000)]


Current CompileTask:
C2:   4581 4731   !   4       com.google.inject.spi.InjectionPoint::getInjectionPoints (491 bytes)

Stack: [0x000000aef2500000,0x000000aef2600000]
Native frames: (J=compiled Java code, j=interpreted, Vv=VM code, C=native code)
V  [jvm.dll+0x68b969]  public: static bool __cdecl os::platform_print_native_stack(class outputStream * __ptr64,void const * __ptr64,char * __ptr64,int,unsigned char * __ptr64 & __ptr64)+0xd9
V  [jvm.dll+0x84572a]  private: static void __cdecl VMError::report(class outputStream * __ptr64,bool)+0xc6a
V  [jvm.dll+0x8473ae]  public: static void __cdecl VMError::report_and_die(int,char const * __ptr64,char const * __ptr64,char * __ptr64,class Thread * __ptr64,unsigned char * __ptr64,void * __ptr64,void * __ptr64,char const * __ptr64,int,unsigned __int64)+0x78e
V  [jvm.dll+0x847a13]
V  [jvm.dll+0x24a83f]  void __cdecl report_vm_out_of_memory(char const * __ptr64,int,unsigned __int64,enum VMErrorType,char const * __ptr64,...)+0x8f
V  [jvm.dll+0xaca04]
V  [jvm.dll+0xad04c]
V  [jvm.dll+0x36af67]
V  [jvm.dll+0x1be3b6]
V  [jvm.dll+0x21c389]
V  [jvm.dll+0x21b671]  public: __cdecl Compile::Compile(class ciEnv * __ptr64,class ciMethod * __ptr64,int,bool,bool,bool,bool,bool,class DirectiveSet * __ptr64) __ptr64+0xe61
V  [jvm.dll+0x1a6acd]  public: virtual void __cdecl C2Compiler::compile_method(class ciEnv * __ptr64,class ciMethod * __ptr64,int,bool,class DirectiveSet * __ptr64) __ptr64+0xad
V  [jvm.dll+0x22b58e]  private: static void __cdecl CompileBroker::invoke_compiler_on_method(class CompileTask * __ptr64)+0x82e
V  [jvm.dll+0x2296d5]  public: static void __cdecl CompileBroker::compiler_thread_loop(void)+0x405
V  [jvm.dll+0x7f9637]  protected: virtual void __cdecl JavaThread::run(void) __ptr64+0x147
V  [jvm.dll+0x7f3a1c]  public: void __cdecl Thread::call_run(void) __ptr64+0x8c
V  [jvm.dll+0x68a7c7]  public: static __int64 __cdecl os::thread_cpu_time(class Thread * __ptr64,bool)+0x107
C  [ucrtbase.dll+0x37b0]
C  [KERNEL32.DLL+0x2e8d7]
C  [ntdll.dll+0x8c53c]


---------------  P R O C E S S  ---------------

Threads class SMR info:
_java_thread_list=0x0000025a070a60a0, length=22, elements={
0x000002599ebb94f0, 0x0000025a0100ddd0, 0x0000025a0100e6a0, 0x0000025a01023720,
0x0000025a01029c20, 0x0000025a0102b110, 0x0000025a0102b5f0, 0x0000025a01034ed0,
0x0000025a010374b0, 0x0000025a010389e0, 0x0000025a0117d050, 0x0000025a0117d570,
0x0000025a011a42d0, 0x0000025a011b0890, 0x0000025a01745b50, 0x0000025a01847780,
0x0000025a061fb2f0, 0x0000025a0606fd10, 0x0000025a0732daa0, 0x0000025a06d50d30,
0x0000025a07ab5520, 0x0000025a07ab5a00
}

Java Threads: ( => current thread )
  0x000002599ebb94f0 JavaThread "main" [_thread_in_native, id=28116, stack(0x000000aef1800000,0x000000aef1900000)]
  0x0000025a0100ddd0 JavaThread "Reference Handler" daemon [_thread_blocked, id=36212, stack(0x000000aef1f00000,0x000000aef2000000)]
  0x0000025a0100e6a0 JavaThread "Finalizer" daemon [_thread_blocked, id=25680, stack(0x000000aef2000000,0x000000aef2100000)]
  0x0000025a01023720 JavaThread "Signal Dispatcher" daemon [_thread_blocked, id=30792, stack(0x000000aef2100000,0x000000aef2200000)]
  0x0000025a01029c20 JavaThread "Attach Listener" daemon [_thread_blocked, id=23372, stack(0x000000aef2200000,0x000000aef2300000)]
  0x0000025a0102b110 JavaThread "Service Thread" daemon [_thread_blocked, id=25592, stack(0x000000aef2300000,0x000000aef2400000)]
  0x0000025a0102b5f0 JavaThread "Monitor Deflation Thread" daemon [_thread_blocked, id=29172, stack(0x000000aef2400000,0x000000aef2500000)]
=>0x0000025a01034ed0 JavaThread "C2 CompilerThread0" daemon [_thread_in_native, id=11832, stack(0x000000aef2500000,0x000000aef2600000)]
  0x0000025a010374b0 JavaThread "C1 CompilerThread0" daemon [_thread_blocked, id=33280, stack(0x000000aef2600000,0x000000aef2700000)]
  0x0000025a010389e0 JavaThread "Sweeper thread" daemon [_thread_blocked, id=20980, stack(0x000000aef2700000,0x000000aef2800000)]
  0x0000025a0117d050 JavaThread "C1 CompilerThread1" daemon [_thread_blocked, id=4392, stack(0x000000aef2800000,0x000000aef2900000)]
  0x0000025a0117d570 JavaThread "C1 CompilerThread2" daemon [_thread_blocked, id=3732, stack(0x000000aef2900000,0x000000aef2a00000)]
  0x0000025a011a42d0 JavaThread "Notification Thread" daemon [_thread_blocked, id=32392, stack(0x000000aef2a00000,0x000000aef2b00000)]
  0x0000025a011b0890 JavaThread "Common-Cleaner" daemon [_thread_blocked, id=36472, stack(0x000000aef2c00000,0x000000aef2d00000)]
  0x0000025a01745b50 JavaThread "C2 CompilerThread1" daemon [_thread_blocked, id=10744, stack(0x000000aef2d00000,0x000000aef2e00000)]
  0x0000025a01847780 JavaThread "C1 CompilerThread3" daemon [_thread_blocked, id=32152, stack(0x000000aef2e00000,0x000000aef2f00000)]
  0x0000025a061fb2f0 JavaThread "C2 CompilerThread2" daemon [_thread_blocked, id=26580, stack(0x000000aef2f00000,0x000000aef3000000)]
  0x0000025a0606fd10 JavaThread "C2 CompilerThread3" daemon [_thread_blocked, id=26236, stack(0x000000aef3000000,0x000000aef3100000)]
  0x0000025a0732daa0 JavaThread "Thread-1" daemon [_thread_blocked, id=35236, stack(0x000000aef3100000,0x000000aef3200000)]
  0x0000025a06d50d30 JavaThread "Exec Stream Pumper" daemon [_thread_in_native, id=5908, stack(0x000000aef3a00000,0x000000aef3b00000)]
  0x0000025a07ab5520 JavaThread "Exec Stream Pumper" daemon [_thread_in_native, id=28508, stack(0x000000aef3b00000,0x000000aef3c00000)]
  0x0000025a07ab5a00 JavaThread "Exec Input Stream Pumper" daemon [_thread_blocked, id=28228, stack(0x000000aef3c00000,0x000000aef3d00000)]

Other Threads:
  0x0000025a01008ba0 VMThread "VM Thread" [stack: 0x000000aef1e00000,0x000000aef1f00000] [id=33976]
  0x0000025a011aade0 WatcherThread [stack: 0x000000aef2b00000,0x000000aef2c00000] [id=35372]
  0x000002599ec255b0 GCTaskThread "GC Thread#0" [stack: 0x000000aef1900000,0x000000aef1a00000] [id=30984]
  0x0000025a061cb780 GCTaskThread "GC Thread#1" [stack: 0x000000aef3300000,0x000000aef3400000] [id=13052]
  0x0000025a0629eb70 GCTaskThread "GC Thread#2" [stack: 0x000000aef3400000,0x000000aef3500000] [id=36600]
  0x0000025a0629e330 GCTaskThread "GC Thread#3" [stack: 0x000000aef3500000,0x000000aef3600000] [id=18368]
  0x0000025a0629e5f0 GCTaskThread "GC Thread#4" [stack: 0x000000aef3600000,0x000000aef3700000] [id=22104]
  0x0000025a0629e8b0 GCTaskThread "GC Thread#5" [stack: 0x000000aef3700000,0x000000aef3800000] [id=24912]
  0x0000025a0629f3b0 GCTaskThread "GC Thread#6" [stack: 0x000000aef3800000,0x000000aef3900000] [id=28564]
  0x0000025a0629d830 GCTaskThread "GC Thread#7" [stack: 0x000000aef3200000,0x000000aef3300000] [id=34624]
  0x0000025a0629daf0 GCTaskThread "GC Thread#8" [stack: 0x000000aef3900000,0x000000aef3a00000] [id=26316]
  0x000002599ec38670 ConcurrentGCThread "G1 Main Marker" [stack: 0x000000aef1a00000,0x000000aef1b00000] [id=12576]
  0x000002599ec38ea0 ConcurrentGCThread "G1 Conc#0" [stack: 0x000000aef1b00000,0x000000aef1c00000] [id=34108]
  0x00000259bf6c1560 ConcurrentGCThread "G1 Refine#0" [stack: 0x000000aef1c00000,0x000000aef1d00000] [id=35716]
  0x00000259bf6c1c40 ConcurrentGCThread "G1 Service" [stack: 0x000000aef1d00000,0x000000aef1e00000] [id=8148]

Threads with active compile tasks:
C2 CompilerThread0     4722 4731   !   4       com.google.inject.spi.InjectionPoint::getInjectionPoints (491 bytes)

VM state: not at safepoint (normal execution)

VM Mutex/Monitor currently owned by a thread: None

Heap address: 0x0000000709800000, size: 3944 MB, Compressed Oops mode: Zero based, Oop shift amount: 3

CDS archive(s) mapped at: [0x00000259c0000000-0x00000259c0c00000-0x00000259c0c00000), size 12582912, SharedBaseAddress: 0x00000259c0000000, ArchiveRelocationMode: 1.
Compressed class space mapped at: 0x00000259c1000000-0x0000025a01000000, reserved size: 1073741824
Narrow klass base: 0x00000259c0000000, Narrow klass shift: 0, Narrow klass range: 0x100000000

GC Precious Log:
 CPUs: 16 total, 16 available
 Memory: 15774M
 Large Page Support: Disabled
 NUMA Support: Disabled
 Compressed Oops: Enabled (Zero based)
 Heap Region Size: 2M
 Heap Min Capacity: 8M
 Heap Initial Capacity: 248M
 Heap Max Capacity: 3944M
 Pre-touch: Disabled
 Parallel Workers: 13
 Concurrent Workers: 3
 Concurrent Refinement Workers: 13
 Periodic GC: Disabled

Heap:
 garbage-first heap   total 253952K, used 123928K [0x0000000709800000, 0x0000000800000000)
  region size 2048K, 60 young (122880K), 1 survivors (2048K)
 Metaspace       used 19854K, committed 20096K, reserved 1114112K
  class space    used 2420K, committed 2560K, reserved 1048576K

Heap Regions: E=young(eden), S=young(survivor), O=old, HS=humongous(starts), HC=humongous(continues), CS=collection set, F=free, OA=open archive, CA=closed archive, TAMS=top-at-mark-start (previous, next)
|   0|0x0000000709800000, 0x0000000709a00000, 0x0000000709a00000|100%| O|  |TAMS 0x0000000709800000, 0x0000000709800000| Untracked 
|   1|0x0000000709a00000, 0x0000000709b55200, 0x0000000709c00000| 66%| O|  |TAMS 0x0000000709a00000, 0x0000000709a00000| Untracked 
|   2|0x0000000709c00000, 0x0000000709c00000, 0x0000000709e00000|  0%| F|  |TAMS 0x0000000709c00000, 0x0000000709c00000| Untracked 
|   3|0x0000000709e00000, 0x0000000709e00000, 0x000000070a000000|  0%| F|  |TAMS 0x0000000709e00000, 0x0000000709e00000| Untracked 
|   4|0x000000070a000000, 0x000000070a000000, 0x000000070a200000|  0%| F|  |TAMS 0x000000070a000000, 0x000000070a000000| Untracked 
|   5|0x000000070a200000, 0x000000070a200000, 0x000000070a400000|  0%| F|  |TAMS 0x000000070a200000, 0x000000070a200000| Untracked 
|   6|0x000000070a400000, 0x000000070a400000, 0x000000070a600000|  0%| F|  |TAMS 0x000000070a400000, 0x000000070a400000| Untracked 
|   7|0x000000070a600000, 0x000000070a600000, 0x000000070a800000|  0%| F|  |TAMS 0x000000070a600000, 0x000000070a600000| Untracked 
|   8|0x000000070a800000, 0x000000070a800000, 0x000000070aa00000|  0%| F|  |TAMS 0x000000070a800000, 0x000000070a800000| Untracked 
|   9|0x000000070aa00000, 0x000000070aa00000, 0x000000070ac00000|  0%| F|  |TAMS 0x000000070aa00000, 0x000000070aa00000| Untracked 
|  10|0x000000070ac00000, 0x000000070ac00000, 0x000000070ae00000|  0%| F|  |TAMS 0x000000070ac00000, 0x000000070ac00000| Untracked 
|  11|0x000000070ae00000, 0x000000070ae00000, 0x000000070b000000|  0%| F|  |TAMS 0x000000070ae00000, 0x000000070ae00000| Untracked 
|  12|0x000000070b000000, 0x000000070b000000, 0x000000070b200000|  0%| F|  |TAMS 0x000000070b000000, 0x000000070b000000| Untracked 
|  13|0x000000070b200000, 0x000000070b200000, 0x000000070b400000|  0%| F|  |TAMS 0x000000070b200000, 0x000000070b200000| Untracked 
|  14|0x000000070b400000, 0x000000070b400000, 0x000000070b600000|  0%| F|  |TAMS 0x000000070b400000, 0x000000070b400000| Untracked 
|  15|0x000000070b600000, 0x000000070b600000, 0x000000070b800000|  0%| F|  |TAMS 0x000000070b600000, 0x000000070b600000| Untracked 
|  16|0x000000070b800000, 0x000000070b800000, 0x000000070ba00000|  0%| F|  |TAMS 0x000000070b800000, 0x000000070b800000| Untracked 
|  17|0x000000070ba00000, 0x000000070ba00000, 0x000000070bc00000|  0%| F|  |TAMS 0x000000070ba00000, 0x000000070ba00000| Untracked 
|  18|0x000000070bc00000, 0x000000070bc00000, 0x000000070be00000|  0%| F|  |TAMS 0x000000070bc00000, 0x000000070bc00000| Untracked 
|  19|0x000000070be00000, 0x000000070be00000, 0x000000070c000000|  0%| F|  |TAMS 0x000000070be00000, 0x000000070be00000| Untracked 
|  20|0x000000070c000000, 0x000000070c000000, 0x000000070c200000|  0%| F|  |TAMS 0x000000070c000000, 0x000000070c000000| Untracked 
|  21|0x000000070c200000, 0x000000070c200000, 0x000000070c400000|  0%| F|  |TAMS 0x000000070c200000, 0x000000070c200000| Untracked 
|  22|0x000000070c400000, 0x000000070c400000, 0x000000070c600000|  0%| F|  |TAMS 0x000000070c400000, 0x000000070c400000| Untracked 
|  23|0x000000070c600000, 0x000000070c600000, 0x000000070c800000|  0%| F|  |TAMS 0x000000070c600000, 0x000000070c600000| Untracked 
|  24|0x000000070c800000, 0x000000070c800000, 0x000000070ca00000|  0%| F|  |TAMS 0x000000070c800000, 0x000000070c800000| Untracked 
|  25|0x000000070ca00000, 0x000000070ca00000, 0x000000070cc00000|  0%| F|  |TAMS 0x000000070ca00000, 0x000000070ca00000| Untracked 
|  26|0x000000070cc00000, 0x000000070cc00000, 0x000000070ce00000|  0%| F|  |TAMS 0x000000070cc00000, 0x000000070cc00000| Untracked 
|  27|0x000000070ce00000, 0x000000070ce00000, 0x000000070d000000|  0%| F|  |TAMS 0x000000070ce00000, 0x000000070ce00000| Untracked 
|  28|0x000000070d000000, 0x000000070d000000, 0x000000070d200000|  0%| F|  |TAMS 0x000000070d000000, 0x000000070d000000| Untracked 
|  29|0x000000070d200000, 0x000000070d200000, 0x000000070d400000|  0%| F|  |TAMS 0x000000070d200000, 0x000000070d200000| Untracked 
|  30|0x000000070d400000, 0x000000070d400000, 0x000000070d600000|  0%| F|  |TAMS 0x000000070d400000, 0x000000070d400000| Untracked 
|  31|0x000000070d600000, 0x000000070d600000, 0x000000070d800000|  0%| F|  |TAMS 0x000000070d600000, 0x000000070d600000| Untracked 
|  32|0x000000070d800000, 0x000000070d800000, 0x000000070da00000|  0%| F|  |TAMS 0x000000070d800000, 0x000000070d800000| Untracked 
|  33|0x000000070da00000, 0x000000070da00000, 0x000000070dc00000|  0%| F|  |TAMS 0x000000070da00000, 0x000000070da00000| Untracked 
|  34|0x000000070dc00000, 0x000000070dc00000, 0x000000070de00000|  0%| F|  |TAMS 0x000000070dc00000, 0x000000070dc00000| Untracked 
|  35|0x000000070de00000, 0x000000070de00000, 0x000000070e000000|  0%| F|  |TAMS 0x000000070de00000, 0x000000070de00000| Untracked 
|  36|0x000000070e000000, 0x000000070e000000, 0x000000070e200000|  0%| F|  |TAMS 0x000000070e000000, 0x000000070e000000| Untracked 
|  37|0x000000070e200000, 0x000000070e200000, 0x000000070e400000|  0%| F|  |TAMS 0x000000070e200000, 0x000000070e200000| Untracked 
|  38|0x000000070e400000, 0x000000070e400000, 0x000000070e600000|  0%| F|  |TAMS 0x000000070e400000, 0x000000070e400000| Untracked 
|  39|0x000000070e600000, 0x000000070e600000, 0x000000070e800000|  0%| F|  |TAMS 0x000000070e600000, 0x000000070e600000| Untracked 
|  40|0x000000070e800000, 0x000000070e800000, 0x000000070ea00000|  0%| F|  |TAMS 0x000000070e800000, 0x000000070e800000| Untracked 
|  41|0x000000070ea00000, 0x000000070ea00000, 0x000000070ec00000|  0%| F|  |TAMS 0x000000070ea00000, 0x000000070ea00000| Untracked 
|  42|0x000000070ec00000, 0x000000070ec00000, 0x000000070ee00000|  0%| F|  |TAMS 0x000000070ec00000, 0x000000070ec00000| Untracked 
|  43|0x000000070ee00000, 0x000000070ee00000, 0x000000070f000000|  0%| F|  |TAMS 0x000000070ee00000, 0x000000070ee00000| Untracked 
|  44|0x000000070f000000, 0x000000070f000000, 0x000000070f200000|  0%| F|  |TAMS 0x000000070f000000, 0x000000070f000000| Untracked 
|  45|0x000000070f200000, 0x000000070f200000, 0x000000070f400000|  0%| F|  |TAMS 0x000000070f200000, 0x000000070f200000| Untracked 
|  46|0x000000070f400000, 0x000000070f400000, 0x000000070f600000|  0%| F|  |TAMS 0x000000070f400000, 0x000000070f400000| Untracked 
|  47|0x000000070f600000, 0x000000070f600000, 0x000000070f800000|  0%| F|  |TAMS 0x000000070f600000, 0x000000070f600000| Untracked 
|  48|0x000000070f800000, 0x000000070f800000, 0x000000070fa00000|  0%| F|  |TAMS 0x000000070f800000, 0x000000070f800000| Untracked 
|  49|0x000000070fa00000, 0x000000070fa00000, 0x000000070fc00000|  0%| F|  |TAMS 0x000000070fa00000, 0x000000070fa00000| Untracked 
|  50|0x000000070fc00000, 0x000000070fc00000, 0x000000070fe00000|  0%| F|  |TAMS 0x000000070fc00000, 0x000000070fc00000| Untracked 
|  51|0x000000070fe00000, 0x000000070fe00000, 0x0000000710000000|  0%| F|  |TAMS 0x000000070fe00000, 0x000000070fe00000| Untracked 
|  52|0x0000000710000000, 0x0000000710000000, 0x0000000710200000|  0%| F|  |TAMS 0x0000000710000000, 0x0000000710000000| Untracked 
|  53|0x0000000710200000, 0x0000000710200000, 0x0000000710400000|  0%| F|  |TAMS 0x0000000710200000, 0x0000000710200000| Untracked 
|  54|0x0000000710400000, 0x0000000710400000, 0x0000000710600000|  0%| F|  |TAMS 0x0000000710400000, 0x0000000710400000| Untracked 
|  55|0x0000000710600000, 0x0000000710600000, 0x0000000710800000|  0%| F|  |TAMS 0x0000000710600000, 0x0000000710600000| Untracked 
|  56|0x0000000710800000, 0x0000000710800000, 0x0000000710a00000|  0%| F|  |TAMS 0x0000000710800000, 0x0000000710800000| Untracked 
|  57|0x0000000710a00000, 0x0000000710a00000, 0x0000000710c00000|  0%| F|  |TAMS 0x0000000710a00000, 0x0000000710a00000| Untracked 
|  58|0x0000000710c00000, 0x0000000710c00000, 0x0000000710e00000|  0%| F|  |TAMS 0x0000000710c00000, 0x0000000710c00000| Untracked 
|  59|0x0000000710e00000, 0x0000000710e00000, 0x0000000711000000|  0%| F|  |TAMS 0x0000000710e00000, 0x0000000710e00000| Untracked 
|  60|0x0000000711000000, 0x0000000711000000, 0x0000000711200000|  0%| F|  |TAMS 0x0000000711000000, 0x0000000711000000| Untracked 
|  61|0x0000000711200000, 0x0000000711200000, 0x0000000711400000|  0%| F|  |TAMS 0x0000000711200000, 0x0000000711200000| Untracked 
|  62|0x0000000711400000, 0x0000000711400000, 0x0000000711600000|  0%| F|  |TAMS 0x0000000711400000, 0x0000000711400000| Untracked 
|  63|0x0000000711600000, 0x0000000711600000, 0x0000000711800000|  0%| F|  |TAMS 0x0000000711600000, 0x0000000711600000| Untracked 
|  64|0x0000000711800000, 0x00000007118bb220, 0x0000000711a00000| 36%| E|  |TAMS 0x0000000711800000, 0x0000000711800000| Complete 
|  65|0x0000000711a00000, 0x0000000711c00000, 0x0000000711c00000|100%| E|CS|TAMS 0x0000000711a00000, 0x0000000711a00000| Complete 
|  66|0x0000000711c00000, 0x0000000711e00000, 0x0000000711e00000|100%| E|CS|TAMS 0x0000000711c00000, 0x0000000711c00000| Complete 
|  67|0x0000000711e00000, 0x0000000712000000, 0x0000000712000000|100%| E|CS|TAMS 0x0000000711e00000, 0x0000000711e00000| Complete 
|  68|0x0000000712000000, 0x0000000712200000, 0x0000000712200000|100%| E|CS|TAMS 0x0000000712000000, 0x0000000712000000| Complete 
|  69|0x0000000712200000, 0x0000000712400000, 0x0000000712400000|100%| E|CS|TAMS 0x0000000712200000, 0x0000000712200000| Complete 
|  70|0x0000000712400000, 0x0000000712600000, 0x0000000712600000|100%| E|CS|TAMS 0x0000000712400000, 0x0000000712400000| Complete 
|  71|0x0000000712600000, 0x0000000712800000, 0x0000000712800000|100%| E|CS|TAMS 0x0000000712600000, 0x0000000712600000| Complete 
|  72|0x0000000712800000, 0x0000000712a00000, 0x0000000712a00000|100%| E|CS|TAMS 0x0000000712800000, 0x0000000712800000| Complete 
|  73|0x0000000712a00000, 0x0000000712c00000, 0x0000000712c00000|100%| E|CS|TAMS 0x0000000712a00000, 0x0000000712a00000| Complete 
|  74|0x0000000712c00000, 0x0000000712e00000, 0x0000000712e00000|100%| E|CS|TAMS 0x0000000712c00000, 0x0000000712c00000| Complete 
|  75|0x0000000712e00000, 0x0000000713000000, 0x0000000713000000|100%| E|CS|TAMS 0x0000000712e00000, 0x0000000712e00000| Complete 
|  76|0x0000000713000000, 0x0000000713200000, 0x0000000713200000|100%| E|CS|TAMS 0x0000000713000000, 0x0000000713000000| Complete 
|  77|0x0000000713200000, 0x0000000713400000, 0x0000000713400000|100%| E|CS|TAMS 0x0000000713200000, 0x0000000713200000| Complete 
|  78|0x0000000713400000, 0x0000000713600000, 0x0000000713600000|100%| E|CS|TAMS 0x0000000713400000, 0x0000000713400000| Complete 
|  79|0x0000000713600000, 0x0000000713800000, 0x0000000713800000|100%| E|CS|TAMS 0x0000000713600000, 0x0000000713600000| Complete 
|  80|0x0000000713800000, 0x0000000713a00000, 0x0000000713a00000|100%| E|CS|TAMS 0x0000000713800000, 0x0000000713800000| Complete 
|  81|0x0000000713a00000, 0x0000000713c00000, 0x0000000713c00000|100%| E|CS|TAMS 0x0000000713a00000, 0x0000000713a00000| Complete 
|  82|0x0000000713c00000, 0x0000000713e00000, 0x0000000713e00000|100%| E|CS|TAMS 0x0000000713c00000, 0x0000000713c00000| Complete 
|  83|0x0000000713e00000, 0x0000000714000000, 0x0000000714000000|100%| E|CS|TAMS 0x0000000713e00000, 0x0000000713e00000| Complete 
|  84|0x0000000714000000, 0x0000000714200000, 0x0000000714200000|100%| E|CS|TAMS 0x0000000714000000, 0x0000000714000000| Complete 
|  85|0x0000000714200000, 0x0000000714400000, 0x0000000714400000|100%| E|CS|TAMS 0x0000000714200000, 0x0000000714200000| Complete 
|  86|0x0000000714400000, 0x0000000714600000, 0x0000000714600000|100%| E|CS|TAMS 0x0000000714400000, 0x0000000714400000| Complete 
|  87|0x0000000714600000, 0x0000000714800000, 0x0000000714800000|100%| E|CS|TAMS 0x0000000714600000, 0x0000000714600000| Complete 
|  88|0x0000000714800000, 0x0000000714a00000, 0x0000000714a00000|100%| E|CS|TAMS 0x0000000714800000, 0x0000000714800000| Complete 
|  89|0x0000000714a00000, 0x0000000714c00000, 0x0000000714c00000|100%| E|CS|TAMS 0x0000000714a00000, 0x0000000714a00000| Complete 
|  90|0x0000000714c00000, 0x0000000714e00000, 0x0000000714e00000|100%| E|CS|TAMS 0x0000000714c00000, 0x0000000714c00000| Complete 
|  91|0x0000000714e00000, 0x0000000715000000, 0x0000000715000000|100%| E|CS|TAMS 0x0000000714e00000, 0x0000000714e00000| Complete 
|  92|0x0000000715000000, 0x0000000715200000, 0x0000000715200000|100%| E|CS|TAMS 0x0000000715000000, 0x0000000715000000| Complete 
|  93|0x0000000715200000, 0x0000000715400000, 0x0000000715400000|100%| E|CS|TAMS 0x0000000715200000, 0x0000000715200000| Complete 
|  94|0x0000000715400000, 0x0000000715600000, 0x0000000715600000|100%| E|CS|TAMS 0x0000000715400000, 0x0000000715400000| Complete 
|  95|0x0000000715600000, 0x0000000715800000, 0x0000000715800000|100%| E|CS|TAMS 0x0000000715600000, 0x0000000715600000| Complete 
|  96|0x0000000715800000, 0x0000000715a00000, 0x0000000715a00000|100%| E|CS|TAMS 0x0000000715800000, 0x0000000715800000| Complete 
|  97|0x0000000715a00000, 0x0000000715c00000, 0x0000000715c00000|100%| E|CS|TAMS 0x0000000715a00000, 0x0000000715a00000| Complete 
|  98|0x0000000715c00000, 0x0000000715e00000, 0x0000000715e00000|100%| E|CS|TAMS 0x0000000715c00000, 0x0000000715c00000| Complete 
|  99|0x0000000715e00000, 0x0000000716000000, 0x0000000716000000|100%| E|CS|TAMS 0x0000000715e00000, 0x0000000715e00000| Complete 
| 100|0x0000000716000000, 0x0000000716200000, 0x0000000716200000|100%| E|CS|TAMS 0x0000000716000000, 0x0000000716000000| Complete 
| 101|0x0000000716200000, 0x0000000716400000, 0x0000000716400000|100%| E|CS|TAMS 0x0000000716200000, 0x0000000716200000| Complete 
| 102|0x0000000716400000, 0x0000000716600000, 0x0000000716600000|100%| E|CS|TAMS 0x0000000716400000, 0x0000000716400000| Complete 
| 103|0x0000000716600000, 0x0000000716800000, 0x0000000716800000|100%| E|CS|TAMS 0x0000000716600000, 0x0000000716600000| Complete 
| 104|0x0000000716800000, 0x0000000716a00000, 0x0000000716a00000|100%| E|CS|TAMS 0x0000000716800000, 0x0000000716800000| Complete 
| 105|0x0000000716a00000, 0x0000000716bb1150, 0x0000000716c00000| 84%| S|CS|TAMS 0x0000000716a00000, 0x0000000716a00000| Complete 
| 106|0x0000000716c00000, 0x0000000716e00000, 0x0000000716e00000|100%| E|CS|TAMS 0x0000000716c00000, 0x0000000716c00000| Complete 
| 107|0x0000000716e00000, 0x0000000717000000, 0x0000000717000000|100%| E|CS|TAMS 0x0000000716e00000, 0x0000000716e00000| Complete 
| 108|0x0000000717000000, 0x0000000717200000, 0x0000000717200000|100%| E|CS|TAMS 0x0000000717000000, 0x0000000717000000| Complete 
| 109|0x0000000717200000, 0x0000000717400000, 0x0000000717400000|100%| E|CS|TAMS 0x0000000717200000, 0x0000000717200000| Complete 
| 110|0x0000000717400000, 0x0000000717600000, 0x0000000717600000|100%| E|CS|TAMS 0x0000000717400000, 0x0000000717400000| Complete 
| 111|0x0000000717600000, 0x0000000717800000, 0x0000000717800000|100%| E|CS|TAMS 0x0000000717600000, 0x0000000717600000| Complete 
| 112|0x0000000717800000, 0x0000000717a00000, 0x0000000717a00000|100%| E|CS|TAMS 0x0000000717800000, 0x0000000717800000| Complete 
| 113|0x0000000717a00000, 0x0000000717c00000, 0x0000000717c00000|100%| E|CS|TAMS 0x0000000717a00000, 0x0000000717a00000| Complete 
| 114|0x0000000717c00000, 0x0000000717e00000, 0x0000000717e00000|100%| E|CS|TAMS 0x0000000717c00000, 0x0000000717c00000| Complete 
| 115|0x0000000717e00000, 0x0000000718000000, 0x0000000718000000|100%| E|CS|TAMS 0x0000000717e00000, 0x0000000717e00000| Complete 
| 116|0x0000000718000000, 0x0000000718200000, 0x0000000718200000|100%| E|CS|TAMS 0x0000000718000000, 0x0000000718000000| Complete 
| 117|0x0000000718200000, 0x0000000718400000, 0x0000000718400000|100%| E|CS|TAMS 0x0000000718200000, 0x0000000718200000| Complete 
| 118|0x0000000718400000, 0x0000000718600000, 0x0000000718600000|100%| E|CS|TAMS 0x0000000718400000, 0x0000000718400000| Complete 
| 119|0x0000000718600000, 0x0000000718800000, 0x0000000718800000|100%| E|CS|TAMS 0x0000000718600000, 0x0000000718600000| Complete 
| 120|0x0000000718800000, 0x0000000718a00000, 0x0000000718a00000|100%| E|CS|TAMS 0x0000000718800000, 0x0000000718800000| Complete 
| 121|0x0000000718a00000, 0x0000000718c00000, 0x0000000718c00000|100%| E|CS|TAMS 0x0000000718a00000, 0x0000000718a00000| Complete 
| 122|0x0000000718c00000, 0x0000000718e00000, 0x0000000718e00000|100%| E|CS|TAMS 0x0000000718c00000, 0x0000000718c00000| Complete 
| 123|0x0000000718e00000, 0x0000000719000000, 0x0000000719000000|100%| E|CS|TAMS 0x0000000718e00000, 0x0000000718e00000| Complete 

Card table byte_map: [0x00000259b40f0000,0x00000259b48b0000] _byte_map_base: 0x00000259b08a4000

Marking Bits (Prev, Next): (CMBitMap*) 0x000002599ec279f0, (CMBitMap*) 0x000002599ec27a30
 Prev Bits: [0x00000259b5070000, 0x00000259b8e10000)
 Next Bits: [0x00000259b8e10000, 0x00000259bcbb0000)

Polling page: 0x000002599e940000

Metaspace:

Usage:
  Non-class:     17.03 MB used.
      Class:      2.36 MB used.
       Both:     19.39 MB used.

Virtual space:
  Non-class space:       64.00 MB reserved,      17.12 MB ( 27%) committed,  1 nodes.
      Class space:        1.00 GB reserved,       2.50 MB ( <1%) committed,  1 nodes.
             Both:        1.06 GB reserved,      19.62 MB (  2%) committed. 

Chunk freelists:
   Non-Class:  14.12 MB
       Class:  13.53 MB
        Both:  27.65 MB

MaxMetaspaceSize: unlimited
CompressedClassSpaceSize: 1.00 GB
Initial GC threshold: 21.00 MB
Current GC threshold: 21.00 MB
CDS: on
MetaspaceReclaimPolicy: balanced
 - commit_granule_bytes: 65536.
 - commit_granule_words: 8192.
 - virtual_space_node_default_size: 8388608.
 - enlarge_chunks_in_place: 1.
 - new_chunks_are_fully_committed: 0.
 - uncommit_free_chunks: 1.
 - use_allocation_guard: 0.
 - handle_deallocations: 1.


Internal statistics:

num_allocs_failed_limit: 0.
num_arena_births: 132.
num_arena_deaths: 0.
num_vsnodes_births: 2.
num_vsnodes_deaths: 0.
num_space_committed: 314.
num_space_uncommitted: 0.
num_chunks_returned_to_freelist: 0.
num_chunks_taken_from_freelist: 853.
num_chunk_merges: 0.
num_chunk_splits: 576.
num_chunks_enlarged: 449.
num_inconsistent_stats: 0.

CodeHeap 'non-profiled nmethods': size=119168Kb used=2454Kb max_used=2454Kb free=116713Kb
 bounds [0x00000259ab4f0000, 0x00000259ab760000, 0x00000259b2950000]
CodeHeap 'profiled nmethods': size=119104Kb used=10219Kb max_used=10219Kb free=108884Kb
 bounds [0x00000259a3950000, 0x00000259a4350000, 0x00000259aada0000]
CodeHeap 'non-nmethods': size=7488Kb used=2882Kb max_used=2963Kb free=4605Kb
 bounds [0x00000259aada0000, 0x00000259ab0a0000, 0x00000259ab4f0000]
 total_blobs=5333 nmethods=4842 adapters=400
 compilation: disabled (not enough contiguous free space left)
              stopped_count=1, restarted_count=0
 full_count=1

Compilation events (20 events):
Event: 4.311 Thread 0x0000025a01847780 4829       3       jdk.internal.org.objectweb.asm.SymbolTable::setMajorVersionAndClassName (19 bytes)
Event: 4.311 Thread 0x0000025a010374b0 4828       3       jdk.internal.org.objectweb.asm.ClassWriter::visit (160 bytes)
Event: 4.312 Thread 0x0000025a01847780 nmethod 4829 0x00000259a4346d90 code [0x00000259a4346f40, 0x00000259a4347148]
Event: 4.312 Thread 0x0000025a010374b0 nmethod 4828 0x00000259a4347290 code [0x00000259a43474c0, 0x00000259a4347cf8]
Event: 4.312 Thread 0x0000025a061fb2f0 nmethod 4729 0x00000259ab74ed90 code [0x00000259ab74ef20, 0x00000259ab74f358]
Event: 4.318 Thread 0x0000025a0117d050 4830       3       java.lang.ProcessEnvironment$CheckedEntry::getKey (5 bytes)
Event: 4.318 Thread 0x0000025a0117d570 4831       3       java.lang.ProcessEnvironment$CheckedEntry::getKey (13 bytes)
Event: 4.319 Thread 0x0000025a0117d050 nmethod 4830 0x00000259a4348110 code [0x00000259a43482c0, 0x00000259a4348608]
Event: 4.319 Thread 0x0000025a0117d570 nmethod 4831 0x00000259a4348710 code [0x00000259a43488c0, 0x00000259a4348b88]
Event: 4.319 Thread 0x0000025a0117d050 4832       3       java.lang.ProcessEnvironment$EntryComparator::compare (13 bytes)
Event: 4.319 Thread 0x0000025a01847780 4833       3       java.lang.ProcessEnvironment$EntryComparator::compare (25 bytes)
Event: 4.319 Thread 0x0000025a0117d050 nmethod 4832 0x00000259a4348c90 code [0x00000259a4348e80, 0x00000259a43495e8]
Event: 4.319 Thread 0x0000025a01847780 nmethod 4833 0x00000259a4349790 code [0x00000259a4349960, 0x00000259a4349e48]
Event: 4.328 Thread 0x0000025a010374b0 4835       3       java.lang.invoke.LambdaForm$NamedFunction::methodType (23 bytes)
Event: 4.329 Thread 0x0000025a010374b0 nmethod 4835 0x00000259a4349f90 code [0x00000259a434a140, 0x00000259a434a388]
Event: 4.332 Thread 0x0000025a0117d570 4840       3       java.lang.invoke.MemberName::<init> (50 bytes)
Event: 4.332 Thread 0x0000025a0117d570 nmethod 4840 0x00000259a434a490 code [0x00000259a434a660, 0x00000259a434a978]
Event: 4.333 Thread 0x0000025a0117d570 4841       3       java.lang.invoke.MethodHandleNatives::refKindHasReceiver (33 bytes)
Event: 4.333 Thread 0x0000025a0117d570 nmethod 4841 0x00000259a434ab10 code [0x00000259a434aca0, 0x00000259a434adf8]
Event: 4.394 Thread 0x0000025a0606fd10 nmethod 4822 0x00000259ab750d10 code [0x00000259ab750fe0, 0x00000259ab754380]

GC Heap History (4 events):
Event: 0.816 GC heap before
{Heap before GC invocations=0 (full 0):
 garbage-first heap   total 253952K, used 22528K [0x0000000709800000, 0x0000000800000000)
  region size 2048K, 11 young (22528K), 0 survivors (0K)
 Metaspace       used 5663K, committed 5824K, reserved 1114112K
  class space    used 696K, committed 768K, reserved 1048576K
}
Event: 0.821 GC heap after
{Heap after GC invocations=1 (full 0):
 garbage-first heap   total 253952K, used 3682K [0x0000000709800000, 0x0000000800000000)
  region size 2048K, 2 young (4096K), 2 survivors (4096K)
 Metaspace       used 5663K, committed 5824K, reserved 1114112K
  class space    used 696K, committed 768K, reserved 1048576K
}
Event: 1.501 GC heap before
{Heap before GC invocations=1 (full 0):
 garbage-first heap   total 253952K, used 36450K [0x0000000709800000, 0x0000000800000000)
  region size 2048K, 18 young (36864K), 2 survivors (4096K)
 Metaspace       used 9602K, committed 9728K, reserved 1114112K
  class space    used 1198K, committed 1280K, reserved 1048576K
}
Event: 1.506 GC heap after
{Heap after GC invocations=2 (full 0):
 garbage-first heap   total 253952K, used 5144K [0x0000000709800000, 0x0000000800000000)
  region size 2048K, 1 young (2048K), 1 survivors (2048K)
 Metaspace       used 9602K, committed 9728K, reserved 1114112K
  class space    used 1198K, committed 1280K, reserved 1048576K
}

Dll operation events (3 events):
Event: 0.012 Loaded shared library C:\Users\Boudour\.jdks\jbr-17.0.14\bin\java.dll
Event: 0.032 Loaded shared library C:\Users\Boudour\.jdks\jbr-17.0.14\bin\jsvml.dll
Event: 0.287 Loaded shared library C:\Users\Boudour\.jdks\jbr-17.0.14\bin\verify.dll

Deoptimization events (20 events):
Event: 4.293 Thread 0x000002599ebb94f0 Uncommon trap: trap_request=0xffffffde fr.pc=0x00000259ab680838 relative=0x00000000000014f8
Event: 4.293 Thread 0x000002599ebb94f0 Uncommon trap: reason=class_check action=maybe_recompile pc=0x00000259ab680838 method=java.io.DataInputStream.readUTF(Ljava/io/DataInput;)Ljava/lang/String; @ 1 c2
Event: 4.293 Thread 0x000002599ebb94f0 DEOPT PACKING pc=0x00000259ab680838 sp=0x000000aef18fd180
Event: 4.293 Thread 0x000002599ebb94f0 DEOPT UNPACKING pc=0x00000259aadf69a3 sp=0x000000aef18fd160 mode 2
Event: 4.293 Thread 0x000002599ebb94f0 Uncommon trap: trap_request=0xffffffde fr.pc=0x00000259ab680838 relative=0x00000000000014f8
Event: 4.293 Thread 0x000002599ebb94f0 Uncommon trap: reason=class_check action=maybe_recompile pc=0x00000259ab680838 method=java.io.DataInputStream.readUTF(Ljava/io/DataInput;)Ljava/lang/String; @ 1 c2
Event: 4.293 Thread 0x000002599ebb94f0 DEOPT PACKING pc=0x00000259ab680838 sp=0x000000aef18fd180
Event: 4.293 Thread 0x000002599ebb94f0 DEOPT UNPACKING pc=0x00000259aadf69a3 sp=0x000000aef18fd160 mode 2
Event: 4.293 Thread 0x000002599ebb94f0 Uncommon trap: trap_request=0xffffffde fr.pc=0x00000259ab680838 relative=0x00000000000014f8
Event: 4.293 Thread 0x000002599ebb94f0 Uncommon trap: reason=class_check action=maybe_recompile pc=0x00000259ab680838 method=java.io.DataInputStream.readUTF(Ljava/io/DataInput;)Ljava/lang/String; @ 1 c2
Event: 4.293 Thread 0x000002599ebb94f0 DEOPT PACKING pc=0x00000259ab680838 sp=0x000000aef18fd180
Event: 4.293 Thread 0x000002599ebb94f0 DEOPT UNPACKING pc=0x00000259aadf69a3 sp=0x000000aef18fd160 mode 2
Event: 4.318 Thread 0x000002599ebb94f0 Uncommon trap: trap_request=0xffffffbe fr.pc=0x00000259ab5ec360 relative=0x0000000000001e80
Event: 4.318 Thread 0x000002599ebb94f0 Uncommon trap: reason=profile_predicate action=maybe_recompile pc=0x00000259ab5ec360 method=java.util.TimSort.binarySort([Ljava/lang/Object;IIILjava/util/Comparator;)V @ 34 c2
Event: 4.318 Thread 0x000002599ebb94f0 DEOPT PACKING pc=0x00000259ab5ec360 sp=0x000000aef18fcfb0
Event: 4.318 Thread 0x000002599ebb94f0 DEOPT UNPACKING pc=0x00000259aadf69a3 sp=0x000000aef18fcf90 mode 2
Event: 4.318 Thread 0x000002599ebb94f0 Uncommon trap: trap_request=0xffffffbe fr.pc=0x00000259ab5ec360 relative=0x0000000000001e80
Event: 4.318 Thread 0x000002599ebb94f0 Uncommon trap: reason=profile_predicate action=maybe_recompile pc=0x00000259ab5ec360 method=java.util.TimSort.binarySort([Ljava/lang/Object;IIILjava/util/Comparator;)V @ 34 c2
Event: 4.318 Thread 0x000002599ebb94f0 DEOPT PACKING pc=0x00000259ab5ec360 sp=0x000000aef18fcfb0
Event: 4.318 Thread 0x000002599ebb94f0 DEOPT UNPACKING pc=0x00000259aadf69a3 sp=0x000000aef18fcf90 mode 2

Classes loaded (20 events):
Event: 4.331 Loading class java/lang/ProcessHandle done
Event: 4.331 Loading class java/lang/ProcessHandleImpl done
Event: 4.334 Loading class java/util/concurrent/Executors
Event: 4.335 Loading class java/util/concurrent/Executors done
Event: 4.335 Loading class java/util/concurrent/SynchronousQueue
Event: 4.335 Loading class java/util/concurrent/SynchronousQueue done
Event: 4.335 Loading class java/util/concurrent/SynchronousQueue$TransferStack
Event: 4.335 Loading class java/util/concurrent/SynchronousQueue$Transferer
Event: 4.336 Loading class java/util/concurrent/SynchronousQueue$Transferer done
Event: 4.336 Loading class java/util/concurrent/SynchronousQueue$TransferStack done
Event: 4.336 Loading class java/util/concurrent/SynchronousQueue$TransferStack$SNode
Event: 4.336 Loading class java/util/concurrent/SynchronousQueue$TransferStack$SNode done
Event: 4.336 Loading class java/lang/ProcessImpl$2
Event: 4.336 Loading class java/lang/ProcessImpl$2 done
Event: 4.336 Loading class java/lang/Process$PipeInputStream
Event: 4.336 Loading class java/lang/Process$PipeInputStream done
Event: 4.337 Loading class jdk/internal/event/ProcessStartEvent
Event: 4.337 Loading class jdk/internal/event/ProcessStartEvent done
Event: 4.338 Loading class java/io/PipedOutputStream
Event: 4.338 Loading class java/io/PipedOutputStream done

Classes unloaded (0 events):
No events

Classes redefined (0 events):
No events

Internal exceptions (20 events):
Event: 2.724 Thread 0x000002599ebb94f0 Exception <a 'java/lang/NoSuchMethodError'{0x0000000716295fe8}: 'java.lang.Object java.lang.invoke.DirectMethodHandle$Holder.newInvokeSpecial(java.lang.Object, java.lang.Object, java.lang.Object, java.lang.Object, java.lang.Object, java.lang.Object, java.lang.Object)'> (0x0000000716295fe8) 
thrown [s\src\hotspot\share\interpreter\linkResolver.cpp, line 771]
Event: 2.725 Thread 0x000002599ebb94f0 Exception <a 'java/lang/NoSuchMethodError'{0x000000071629a8f8}: 'java.lang.Object java.lang.invoke.Invokers$Holder.linkToTargetMethod(java.lang.Object, java.lang.Object, java.lang.Object, java.lang.Object, java.lang.Object, java.lang.Object, java.lang.Object)'> (0x000000071629a8f8) 
thrown [s\src\hotspot\share\interpreter\linkResolver.cpp, line 771]
Event: 2.967 Thread 0x000002599ebb94f0 Exception <a 'java/lang/NoSuchMethodError'{0x000000071599f9b0}: 'int java.lang.invoke.DirectMethodHandle$Holder.invokeVirtual(java.lang.Object, java.lang.Object)'> (0x000000071599f9b0) 
thrown [s\src\hotspot\share\interpreter\linkResolver.cpp, line 771]
Event: 3.018 Thread 0x000002599ebb94f0 Exception <a 'java/lang/NoSuchMethodError'{0x0000000715792800}: 'int java.lang.invoke.DirectMethodHandle$Holder.invokeStatic(java.lang.Object, java.lang.Object, int)'> (0x0000000715792800) 
thrown [s\src\hotspot\share\interpreter\linkResolver.cpp, line 771]
Event: 4.246 Thread 0x000002599ebb94f0 Exception <a 'sun/nio/fs/WindowsException'{0x0000000711fda700}> (0x0000000711fda700) 
thrown [s\src\hotspot\share\prims\jni.cpp, line 531]
Event: 4.247 Thread 0x000002599ebb94f0 Exception <a 'sun/nio/fs/WindowsException'{0x0000000711fdaeb0}> (0x0000000711fdaeb0) 
thrown [s\src\hotspot\share\prims\jni.cpp, line 531]
Event: 4.254 Thread 0x000002599ebb94f0 Exception <a 'sun/nio/fs/WindowsException'{0x0000000711ffaa08}> (0x0000000711ffaa08) 
thrown [s\src\hotspot\share\prims\jni.cpp, line 531]
Event: 4.255 Thread 0x000002599ebb94f0 Exception <a 'sun/nio/fs/WindowsException'{0x0000000711c00000}> (0x0000000711c00000) 
thrown [s\src\hotspot\share\prims\jni.cpp, line 531]
Event: 4.258 Thread 0x000002599ebb94f0 Exception <a 'sun/nio/fs/WindowsException'{0x0000000711c01910}> (0x0000000711c01910) 
thrown [s\src\hotspot\share\prims\jni.cpp, line 531]
Event: 4.258 Thread 0x000002599ebb94f0 Exception <a 'sun/nio/fs/WindowsException'{0x0000000711c02540}> (0x0000000711c02540) 
thrown [s\src\hotspot\share\prims\jni.cpp, line 531]
Event: 4.259 Thread 0x000002599ebb94f0 Exception <a 'sun/nio/fs/WindowsException'{0x0000000711c03508}> (0x0000000711c03508) 
thrown [s\src\hotspot\share\prims\jni.cpp, line 531]
Event: 4.259 Thread 0x000002599ebb94f0 Exception <a 'sun/nio/fs/WindowsException'{0x0000000711c04130}> (0x0000000711c04130) 
thrown [s\src\hotspot\share\prims\jni.cpp, line 531]
Event: 4.259 Thread 0x000002599ebb94f0 Exception <a 'sun/nio/fs/WindowsException'{0x0000000711c04d50}> (0x0000000711c04d50) 
thrown [s\src\hotspot\share\prims\jni.cpp, line 531]
Event: 4.260 Thread 0x000002599ebb94f0 Exception <a 'sun/nio/fs/WindowsException'{0x0000000711c05950}> (0x0000000711c05950) 
thrown [s\src\hotspot\share\prims\jni.cpp, line 531]
Event: 4.260 Thread 0x000002599ebb94f0 Exception <a 'sun/nio/fs/WindowsException'{0x0000000711c068f8}> (0x0000000711c068f8) 
thrown [s\src\hotspot\share\prims\jni.cpp, line 531]
Event: 4.329 Thread 0x000002599ebb94f0 Exception <a 'java/lang/NoSuchMethodError'{0x0000000711abd070}: 'void java.lang.invoke.DirectMethodHandle$Holder.invokeStatic(java.lang.Object, long)'> (0x0000000711abd070) 
thrown [s\src\hotspot\share\interpreter\linkResolver.cpp, line 771]
Event: 4.329 Thread 0x000002599ebb94f0 Exception <a 'java/lang/NoSuchMethodError'{0x0000000711ac2a38}: 'java.lang.Object java.lang.invoke.DirectMethodHandle$Holder.newInvokeSpecial(java.lang.Object, long)'> (0x0000000711ac2a38) 
thrown [s\src\hotspot\share\interpreter\linkResolver.cpp, line 771]
Event: 4.332 Thread 0x000002599ebb94f0 Exception <a 'java/lang/NoSuchMethodError'{0x0000000711acdb68}: 'java.lang.Object java.lang.invoke.DirectMethodHandle$Holder.invokeStaticInit(java.lang.Object, java.lang.Object, long, java.lang.Object)'> (0x0000000711acdb68) 
thrown [s\src\hotspot\share\interpreter\linkResolver.cpp, line 771]
Event: 4.333 Thread 0x000002599ebb94f0 Exception <a 'java/lang/NoSuchMethodError'{0x0000000711ad4238}: 'java.lang.Object java.lang.invoke.DirectMethodHandle$Holder.newInvokeSpecial(java.lang.Object, java.lang.Object, long)'> (0x0000000711ad4238) 
thrown [s\src\hotspot\share\interpreter\linkResolver.cpp, line 771]
Event: 4.334 Thread 0x000002599ebb94f0 Exception <a 'java/lang/NoSuchMethodError'{0x0000000711ad8528}: 'java.lang.Object java.lang.invoke.Invokers$Holder.linkToTargetMethod(java.lang.Object, long, java.lang.Object)'> (0x0000000711ad8528) 
thrown [s\src\hotspot\share\interpreter\linkResolver.cpp, line 771]

VM Operations (20 events):
Event: 2.612 Executing VM operation: ICBufferFull
Event: 2.612 Executing VM operation: ICBufferFull done
Event: 2.762 Executing VM operation: HandshakeAllThreads
Event: 2.762 Executing VM operation: HandshakeAllThreads done
Event: 2.847 Executing VM operation: ICBufferFull
Event: 2.848 Executing VM operation: ICBufferFull done
Event: 3.300 Executing VM operation: ICBufferFull
Event: 3.300 Executing VM operation: ICBufferFull done
Event: 3.832 Executing VM operation: ICBufferFull
Event: 3.832 Executing VM operation: ICBufferFull done
Event: 4.145 Executing VM operation: HandshakeAllThreads
Event: 4.146 Executing VM operation: HandshakeAllThreads done
Event: 4.166 Executing VM operation: HandshakeAllThreads
Event: 4.166 Executing VM operation: HandshakeAllThreads done
Event: 4.251 Executing VM operation: HandshakeAllThreads
Event: 4.251 Executing VM operation: HandshakeAllThreads done
Event: 4.257 Executing VM operation: HandshakeAllThreads
Event: 4.257 Executing VM operation: HandshakeAllThreads done
Event: 4.337 Executing VM operation: HandshakeAllThreads
Event: 4.337 Executing VM operation: HandshakeAllThreads done

Memory protections (0 events):
No events

Nmethod flushes (0 events):
No events

Events (20 events):
Event: 0.078 Loaded shared library C:\Users\Boudour\.jdks\jbr-17.0.14\bin\nio.dll
Event: 0.082 Loaded shared library C:\Users\Boudour\.jdks\jbr-17.0.14\bin\zip.dll
Event: 0.260 Thread 0x000002599ebb94f0 Thread added: 0x0000025a013cd3a0
Event: 0.265 Loaded shared library C:\Program Files\JetBrains\IntelliJ IDEA 2025.2.1\plugins\maven\lib\maven3\lib\jansi-native\Windows\x86_64\jansi.dll
Event: 0.266 Loaded shared library C:\Users\Boudour\.jdks\jbr-17.0.14\bin\jimage.dll
Event: 0.283 Thread 0x0000025a013cd3a0 Thread exited: 0x0000025a013cd3a0
Event: 0.428 Thread 0x0000025a0117d050 Thread added: 0x0000025a01745b50
Event: 0.452 Thread 0x0000025a010374b0 Thread added: 0x0000025a01847780
Event: 0.807 Thread 0x0000025a010374b0 Thread added: 0x0000025a061fb2f0
Event: 0.807 Thread 0x0000025a010374b0 Thread added: 0x0000025a0606fd10
Event: 0.807 Thread 0x0000025a010374b0 Thread added: 0x0000025a06070840
Event: 0.807 Thread 0x0000025a010374b0 Thread added: 0x0000025a06070d60
Event: 0.822 Thread 0x0000025a06070d60 Thread added: 0x0000025a06566ea0
Event: 1.265 Thread 0x0000025a06566ea0 Thread exited: 0x0000025a06566ea0
Event: 1.490 Thread 0x0000025a06070d60 Thread exited: 0x0000025a06070d60
Event: 1.592 Thread 0x0000025a06070840 Thread exited: 0x0000025a06070840
Event: 2.208 Thread 0x000002599ebb94f0 Thread added: 0x0000025a0732daa0
Event: 4.339 Thread 0x000002599ebb94f0 Thread added: 0x0000025a06d50d30
Event: 4.339 Thread 0x000002599ebb94f0 Thread added: 0x0000025a07ab5520
Event: 4.339 Thread 0x000002599ebb94f0 Thread added: 0x0000025a07ab5a00


Dynamic libraries:
0x00007ff6f3f80000 - 0x00007ff6f3f8a000 	C:\Users\Boudour\.jdks\jbr-17.0.14\bin\java.exe
0x00007ff86c560000 - 0x00007ff86c7c7000 	C:\WINDOWS\SYSTEM32\ntdll.dll
0x00007ff86ba90000 - 0x00007ff86bb59000 	C:\WINDOWS\System32\KERNEL32.DLL
0x00007ff869b50000 - 0x00007ff869f3f000 	C:\WINDOWS\System32\KERNELBASE.dll
0x00007ff8696b0000 - 0x00007ff8697fb000 	C:\WINDOWS\System32\ucrtbase.dll
0x00007ff8560a0000 - 0x00007ff8560bb000 	C:\Users\Boudour\.jdks\jbr-17.0.14\bin\VCRUNTIME140.dll
0x00007ff8560c0000 - 0x00007ff8560d7000 	C:\Users\Boudour\.jdks\jbr-17.0.14\bin\jli.dll
0x00007ff86a4c0000 - 0x00007ff86a685000 	C:\WINDOWS\System32\USER32.dll
0x00007ff858300000 - 0x00007ff858593000 	C:\WINDOWS\WinSxS\amd64_microsoft.windows.common-controls_6595b64144ccf1df_6.0.26100.7309_none_3e05feeae336a044\COMCTL32.dll
0x00007ff869f50000 - 0x00007ff869f77000 	C:\WINDOWS\System32\win32u.dll
0x00007ff86b9c0000 - 0x00007ff86ba69000 	C:\WINDOWS\System32\msvcrt.dll
0x00007ff86b040000 - 0x00007ff86b06b000 	C:\WINDOWS\System32\GDI32.dll
0x00007ff869800000 - 0x00007ff86992c000 	C:\WINDOWS\System32\gdi32full.dll
0x00007ff86a250000 - 0x00007ff86a2f3000 	C:\WINDOWS\System32\msvcp_win.dll
0x00007ff86c240000 - 0x00007ff86c271000 	C:\WINDOWS\System32\IMM32.DLL
0x00007ff864200000 - 0x00007ff86420c000 	C:\Users\Boudour\.jdks\jbr-17.0.14\bin\vcruntime140_1.dll
0x00007ff817640000 - 0x00007ff8176cd000 	C:\Users\Boudour\.jdks\jbr-17.0.14\bin\msvcp140.dll
0x00007fff72260000 - 0x00007fff72eee000 	C:\Users\Boudour\.jdks\jbr-17.0.14\bin\server\jvm.dll
0x00007ff86c280000 - 0x00007ff86c334000 	C:\WINDOWS\System32\ADVAPI32.dll
0x00007ff86bb60000 - 0x00007ff86bc06000 	C:\WINDOWS\System32\sechost.dll
0x00007ff86b8a0000 - 0x00007ff86b9b8000 	C:\WINDOWS\System32\RPCRT4.dll
0x00007ff86afc0000 - 0x00007ff86b034000 	C:\WINDOWS\System32\WS2_32.dll
0x00007ff869510000 - 0x00007ff86956e000 	C:\WINDOWS\SYSTEM32\POWRPROF.dll
0x00007ff863010000 - 0x00007ff863045000 	C:\WINDOWS\SYSTEM32\WINMM.dll
0x00007ff863050000 - 0x00007ff86305b000 	C:\WINDOWS\SYSTEM32\VERSION.dll
0x00007ff8694f0000 - 0x00007ff869504000 	C:\WINDOWS\SYSTEM32\UMPDC.dll
0x00007ff868460000 - 0x00007ff86847b000 	C:\WINDOWS\SYSTEM32\kernel.appcore.dll
0x00007ff85ab90000 - 0x00007ff85ab9a000 	C:\Users\Boudour\.jdks\jbr-17.0.14\bin\jimage.dll
0x00007ff866d60000 - 0x00007ff866fa2000 	C:\WINDOWS\SYSTEM32\DBGHELP.DLL
0x00007ff86bca0000 - 0x00007ff86c026000 	C:\WINDOWS\System32\combase.dll
0x00007ff86b5e0000 - 0x00007ff86b6b6000 	C:\WINDOWS\System32\OLEAUT32.dll
0x00007ff84d9a0000 - 0x00007ff84d9dc000 	C:\WINDOWS\SYSTEM32\dbgcore.DLL
0x00007ff869aa0000 - 0x00007ff869b45000 	C:\WINDOWS\System32\bcryptPrimitives.dll
0x00007ff8541c0000 - 0x00007ff8541e5000 	C:\Users\Boudour\.jdks\jbr-17.0.14\bin\java.dll
0x00007ff811f30000 - 0x00007ff812007000 	C:\Users\Boudour\.jdks\jbr-17.0.14\bin\jsvml.dll
0x00007ff86a830000 - 0x00007ff86af83000 	C:\WINDOWS\System32\SHELL32.dll
0x00007ff869930000 - 0x00007ff869a9a000 	C:\WINDOWS\System32\wintypes.dll
0x00007ff8672d0000 - 0x00007ff867b2e000 	C:\WINDOWS\SYSTEM32\windows.storage.dll
0x00007ff86a3c0000 - 0x00007ff86a4b5000 	C:\WINDOWS\System32\SHCORE.dll
0x00007ff86b070000 - 0x00007ff86b0d6000 	C:\WINDOWS\System32\shlwapi.dll
0x00007ff8695d0000 - 0x00007ff8695f9000 	C:\WINDOWS\SYSTEM32\profapi.dll
0x00007ff855b40000 - 0x00007ff855b58000 	C:\Users\Boudour\.jdks\jbr-17.0.14\bin\zip.dll
0x00007ff851cc0000 - 0x00007ff851cd9000 	C:\Users\Boudour\.jdks\jbr-17.0.14\bin\net.dll
0x00007ff861e90000 - 0x00007ff861fb8000 	C:\WINDOWS\SYSTEM32\WINHTTP.dll
0x00007ff8689d0000 - 0x00007ff868a3b000 	C:\WINDOWS\system32\mswsock.dll
0x00007ff851bf0000 - 0x00007ff851c06000 	C:\Users\Boudour\.jdks\jbr-17.0.14\bin\nio.dll
0x00007ff851240000 - 0x00007ff851264000 	C:\Program Files\JetBrains\IntelliJ IDEA 2025.2.1\plugins\maven\lib\maven3\lib\jansi-native\Windows\x86_64\jansi.dll
0x00007ff864490000 - 0x00007ff8644a0000 	C:\Users\Boudour\.jdks\jbr-17.0.14\bin\verify.dll

dbghelp: loaded successfully - version: 4.0.5 - missing functions: none
symbol engine: initialized successfully - sym options: 0x614 - pdb path: .;C:\Users\Boudour\.jdks\jbr-17.0.14\bin;C:\WINDOWS\SYSTEM32;C:\WINDOWS\WinSxS\amd64_microsoft.windows.common-controls_6595b64144ccf1df_6.0.26100.7309_none_3e05feeae336a044;C:\Users\Boudour\.jdks\jbr-17.0.14\bin\server;C:\Program Files\JetBrains\IntelliJ IDEA 2025.2.1\plugins\maven\lib\maven3\lib\jansi-native\Windows\x86_64

VM Arguments:
jvm_args: -Dclassworlds.conf=C:\Program Files\JetBrains\IntelliJ IDEA 2025.2.1\plugins\maven\lib\maven3\bin\m2.conf -Dmaven.home=C:\Program Files\JetBrains\IntelliJ IDEA 2025.2.1\plugins\maven\lib\maven3 -Dlibrary.jansi.path=C:\Program Files\JetBrains\IntelliJ IDEA 2025.2.1\plugins\maven\lib\maven3\lib\jansi-native -Dmaven.multiModuleProjectDirectory=C:\Users\Boudour\Desktop\USER 
java_command: org.codehaus.plexus.classworlds.launcher.Launcher -Didea.version=2025.2.1 -Dmaven.ext.class.path=C:\Program Files\JetBrains\IntelliJ IDEA 2025.2.1\plugins\maven\lib\maven-event-listener.jar -Djansi.passthrough=true -Dstyle.color=always -Dmaven.repo.local=C:\Users\Boudour\.m2\repository org.openjfx:javafx-maven-plugin:0.0.8:run -f pom.xml
java_class_path (initial): C:\Program Files\JetBrains\IntelliJ IDEA 2025.2.1\plugins\maven\lib\maven3\boot\plexus-classworlds-2.8.0.jar
Launcher Type: SUN_STANDARD

[Global flags]
     intx CICompilerCount                          = 12                                        {product} {ergonomic}
     uint ConcGCThreads                            = 3                                         {product} {ergonomic}
     uint G1ConcRefinementThreads                  = 13                                        {product} {ergonomic}
   size_t G1HeapRegionSize                         = 2097152                                   {product} {ergonomic}
    uintx GCDrainStackTargetSize                   = 64                                        {product} {ergonomic}
   size_t InitialHeapSize                          = 260046848                                 {product} {ergonomic}
   size_t MarkStackSize                            = 4194304                                   {product} {ergonomic}
   size_t MaxHeapSize                              = 4135583744                                {product} {ergonomic}
   size_t MaxNewSize                               = 2480930816                                {product} {ergonomic}
   size_t MinHeapDeltaBytes                        = 2097152                                   {product} {ergonomic}
   size_t MinHeapSize                              = 8388608                                   {product} {ergonomic}
    uintx NonNMethodCodeHeapSize                   = 7602480                                {pd product} {ergonomic}
    uintx NonProfiledCodeHeapSize                  = 122027880                              {pd product} {ergonomic}
    uintx ProfiledCodeHeapSize                     = 122027880                              {pd product} {ergonomic}
    uintx ReservedCodeCacheSize                    = 251658240                              {pd product} {ergonomic}
     bool SegmentedCodeCache                       = true                                      {product} {ergonomic}
   size_t SoftMaxHeapSize                          = 4135583744                             {manageable} {ergonomic}
     bool UseCompressedClassPointers               = true                           {product lp64_product} {ergonomic}
     bool UseCompressedOops                        = true                           {product lp64_product} {ergonomic}
     bool UseG1GC                                  = true                                      {product} {ergonomic}
     bool UseLargePagesIndividualAllocation        = false                                  {pd product} {ergonomic}

Logging:
Log output configuration:
 #0: stdout all=warning uptime,level,tags
 #1: stderr all=off uptime,level,tags

Environment Variables:
JAVA_HOME=C:\Users\Boudour\.jdks\jbr-17.0.14
PATH=C:\Program Files (x86)\VMware\VMware Workstation\bin\;C:\Program Files\Java\jdk-17\bin;C:\Program Files\Common Files\Oracle\Java\javapath;C:\oraclexe\app\oracle\product\11.2.0\server\bin;C:\WINDOWS\system32;C:\WINDOWS;C:\WINDOWS\System32\Wbem;C:\WINDOWS\System32\WindowsPowerShell\v1.0\;C:\WINDOWS\System32\OpenSSH\;C;C:\instantClient;C:\oraclexe\app\oracle\admin\XE;C:\oraclexe;C:\Program Files\Git\cmd;C:\xampp\php;C:\composer;C:\Users\Boudour\scoop\shims;C:\Users\Boudour\AppData\Local\Microsoft\WindowsApps;C:\Users\Boudour\AppData\Local\Programs\Microsoft VS Code\bin;C:\Users\Boudour\Desktop\cursor\resources\app\bin;C:\Users\Boudour\AppData\Roaming\Composer\vendor\bin;C:\Users\Boudour\AppData\Local\ComposerSetup\bin
USERNAME=Boudour
OS=Windows_NT
PROCESSOR_IDENTIFIER=AMD64 Family 25 Model 80 Stepping 0, AuthenticAMD
TMP=C:\Users\Boudour\AppData\Local\Temp
TEMP=C:\Users\Boudour\AppData\Local\Temp



Periodic native trim disabled

JNI global refs:
JNI global refs: 17, weak refs: 0

JNI global refs memory usage: 843, weak refs: 841

Process memory usage:
Resident Set Size: 265952K (1% of 16153336K total physical memory with 1398008K free physical memory)

OOME stack traces (most recent first):
Classloader memory used:
Loader org.codehaus.plexus.classworlds.realm.ClassRealm                                : 1832K
Loader bootstrap                                                                       : 600K
Loader jdk.internal.loader.ClassLoaders$AppClassLoader                                 : 28560B
Loader org.eclipse.sisu.space.CloningClassSpace$CloningClassLoader                     : 10547B
Loader jdk.internal.loader.ClassLoaders$PlatformClassLoader                            : 5783B
Loader jdk.internal.reflect.DelegatingClassLoader                                      : 5538B

Classes loaded by more than one classloader:
Class org.codehaus.plexus.util.MatchPatterns                                          : loaded 3 times (x 73B)
Class org.sonatype.plexus.components.sec.dispatcher.DefaultSecDispatcher              : loaded 2 times (x 81B)
Class org.codehaus.plexus.util.DirectoryScanner                                       : loaded 2 times (x 113B)
Class org.codehaus.plexus.interpolation.BasicInterpolator                             : loaded 2 times (x 68B)
Class org.codehaus.plexus.languages.java.jpms.ResolvePathResult                       : loaded 2 times (x 74B)
Class org.codehaus.plexus.languages.java.jpms.LocationManager                         : loaded 2 times (x 72B)
Class org.codehaus.plexus.util.Scanner                                                : loaded 2 times (x 68B)
Class org.sonatype.plexus.components.cipher.PlexusCipherException                     : loaded 2 times (x 80B)
Class [Lorg.codehaus.plexus.util.MatchPattern;                                        : loaded 2 times (x 67B)
Class org.codehaus.plexus.interpolation.ValueSource                                   : loaded 2 times (x 68B)
Class org.codehaus.plexus.util.AbstractScanner                                        : loaded 2 times (x 98B)
Class org.codehaus.plexus.util.MatchPattern                                           : loaded 2 times (x 76B)
Class org.codehaus.plexus.languages.java.jpms.ResolvePathsRequest                     : loaded 2 times (x 80B)
Class org.codehaus.plexus.languages.java.jpms.JavaModuleDescriptor                    : loaded 2 times (x 76B)
Class org.codehaus.plexus.interpolation.RecursionInterceptor                          : loaded 2 times (x 68B)
Class org.apache.maven.shared.utils.logging.MessageBuilder                            : loaded 2 times (x 68B)
Class org.codehaus.plexus.languages.java.jpms.SourceModuleInfoParser                  : loaded 2 times (x 70B)
Class org.sonatype.plexus.components.sec.dispatcher.model.SettingsSecurity            : loaded 2 times (x 80B)
Class org.sonatype.plexus.components.cipher.PlexusCipher                              : loaded 2 times (x 68B)
Class org.sonatype.plexus.components.sec.dispatcher.SecDispatcher                     : loaded 2 times (x 68B)
Class org.codehaus.plexus.interpolation.PropertiesBasedValueSource                    : loaded 2 times (x 80B)
Class org.codehaus.plexus.interpolation.AbstractValueSource                           : loaded 2 times (x 80B)
Class org.sonatype.plexus.components.sec.dispatcher.SecDispatcherException            : loaded 2 times (x 80B)
Class org.sonatype.plexus.components.cipher.DefaultPlexusCipher                       : loaded 2 times (x 91B)
Class org.codehaus.plexus.util.Os                                                     : loaded 2 times (x 75B)
Class org.codehaus.plexus.languages.java.jpms.ModuleInfoParser                        : loaded 2 times (x 68B)
Class org.codehaus.plexus.util.SelectorUtils                                          : loaded 2 times (x 69B)
Class org.codehaus.plexus.util.StringUtils                                            : loaded 2 times (x 69B)
Class org.codehaus.plexus.languages.java.jpms.ManifestModuleNameExtractor             : loaded 2 times (x 73B)
Class org.codehaus.plexus.languages.java.jpms.ResolvePathRequest                      : loaded 2 times (x 74B)
Class org.codehaus.plexus.languages.java.jpms.ResolvePathsResult                      : loaded 2 times (x 80B)
Class org.codehaus.plexus.util.cli.CommandLineException                               : loaded 2 times (x 80B)
Class org.sonatype.plexus.components.cipher.PBECipher                                 : loaded 2 times (x 72B)
Class org.codehaus.plexus.interpolation.Interpolator                                  : loaded 2 times (x 68B)
Class org.codehaus.plexus.languages.java.jpms.ModuleNameExtractor                     : loaded 2 times (x 68B)


---------------  S Y S T E M  ---------------

OS:
 Windows 11 , 64 bit Build 26100 (10.0.26100.7623)
OS uptime: 12 days 2:29 hours

CPU: total 16 (initial active 16) (16 cores per cpu, 2 threads per core) family 25 model 80 stepping 0 microcode 0xa50000c, cx8, cmov, fxsr, ht, mmx, 3dnowpref, sse, sse2, sse3, ssse3, sse4a, sse4.1, sse4.2, popcnt, lzcnt, tsc, tscinvbit, avx, avx2, aes, erms, clmul, bmi1, bmi2, adx, sha, fma, vzeroupper, clflush, clflushopt
Processor Information for processor 0
  Max Mhz: 3201, Current Mhz: 1882, Mhz Limit: 3201
Processor Information for processor 1
  Max Mhz: 3201, Current Mhz: 1802, Mhz Limit: 3201
Processor Information for processor 2
  Max Mhz: 3201, Current Mhz: 1802, Mhz Limit: 3201
Processor Information for processor 3
  Max Mhz: 3201, Current Mhz: 1802, Mhz Limit: 3201
Processor Information for processor 4
  Max Mhz: 3201, Current Mhz: 1882, Mhz Limit: 3201
Processor Information for processor 5
  Max Mhz: 3201, Current Mhz: 1882, Mhz Limit: 3201
Processor Information for processor 6
  Max Mhz: 3201, Current Mhz: 1882, Mhz Limit: 3201
Processor Information for processor 7
  Max Mhz: 3201, Current Mhz: 1802, Mhz Limit: 3201
Processor Information for processor 8
  Max Mhz: 3201, Current Mhz: 1882, Mhz Limit: 3201
Processor Information for processor 9
  Max Mhz: 3201, Current Mhz: 1802, Mhz Limit: 3201
Processor Information for processor 10
  Max Mhz: 3201, Current Mhz: 1802, Mhz Limit: 3201
Processor Information for processor 11
  Max Mhz: 3201, Current Mhz: 1802, Mhz Limit: 3201
Processor Information for processor 12
  Max Mhz: 3201, Current Mhz: 1882, Mhz Limit: 3201
Processor Information for processor 13
  Max Mhz: 3201, Current Mhz: 1802, Mhz Limit: 3201
Processor Information for processor 14
  Max Mhz: 3201, Current Mhz: 1882, Mhz Limit: 3201
Processor Information for processor 15
  Max Mhz: 3201, Current Mhz: 1802, Mhz Limit: 3201

Memory: 4k page, system-wide physical 15774M (1365M free)
TotalPageFile size 27777M (AvailPageFile size 5M)
current process WorkingSet (physical memory assigned to process): 259M, peak: 260M
current process commit charge ("private bytes"): 443M, peak: 447M

vm_info: OpenJDK 64-Bit Server VM (17.0.14+1-b1367.22) for windows-amd64 JRE (17.0.14+1-b1367.22), built on 2025-01-30 by "builduser" with MS VC++ 16.10 / 16.11 (VS2019)

END.
